-------------------------------------------------------------------------------
Test set: com.example.payment.PaymentApplicationTests
-------------------------------------------------------------------------------
Tests run: 1, Failures: 0, Errors: 1, Skipped: 0, Time elapsed: 0.369 s <<< FAILURE! - in com.example.payment.PaymentApplicationTests
com.example.payment.PaymentApplicationTests  Time elapsed: 0.368 s  <<< ERROR!
java.lang.IllegalStateException: Unable to find a @SpringBootConfiguration, you need to use @ContextConfiguration or @SpringBootTest(classes=...) with your test

